\BOOKMARK [0][]{chapter*.2}{\376\377\004\022\004\022\004\025\004\024\004\025\004\035\004\030\004\025}{}% 1
\BOOKMARK [0][]{chapter.1}{\376\377\0001\000.\000\040\000\040\004\020\004\075\004\060\004\073\004\070\004\067\000\040\004\101\004\103\004\111\004\065\004\101\004\102\004\062\004\103\004\116\004\111\004\070\004\105\000\040\004\100\004\065\004\110\004\065\004\075\004\070\004\071}{}% 2
\BOOKMARK [1][]{section.1.1}{\376\377\0001\000.\0001\000.\000\040\000\040\004\023\004\100\004\060\004\104\004\070\004\107\004\065\004\101\004\072\004\070\004\065\000\040\004\070\004\075\004\102\004\065\004\100\004\104\004\065\004\071\004\101\004\113\000\040\004\077\004\076\004\073\004\114\004\067\004\076\004\062\004\060\004\102\004\065\004\073\004\117\000\040\004\064\004\073\004\117\000\040\000S\000p\000i\000n}{chapter.1}% 3
\BOOKMARK [2][-]{subsection.1.1.1}{\376\377\0001\000.\0001\000.\0001\000.\000\040\000\040\000i\000S\000p\000i\000n}{section.1.1}% 4
\BOOKMARK [2][-]{subsection.1.1.2}{\376\377\0001\000.\0001\000.\0002\000.\000\040\000\040\000j\000S\000p\000i\000n}{section.1.1}% 5
\BOOKMARK [1][]{section.1.2}{\376\377\0001\000.\0002\000.\000\040\000\040\004\023\004\100\004\060\004\104\004\070\004\107\004\065\004\101\004\072\004\070\004\065\000\040\004\070\004\075\004\102\004\065\004\100\004\104\004\065\004\071\004\101\004\113\000\040\004\077\004\076\004\073\004\114\004\067\004\076\004\062\004\060\004\102\004\065\004\073\004\117\000\040\004\064\004\073\004\117\000\040\000N\000u\000S\000M\000V}{chapter.1}% 6
\BOOKMARK [2][-]{subsection.1.2.1}{\376\377\0001\000.\0002\000.\0001\000.\000\040\000\040\000N\000u\000S\000M\000V\000\040\000G\000U\000I}{section.1.2}% 7
\BOOKMARK [2][-]{subsection.1.2.2}{\376\377\0001\000.\0002\000.\0002\000.\000\040\000\040\000g\000N\000u\000S\000M\000V}{section.1.2}% 8
\BOOKMARK [2][-]{subsection.1.2.3}{\376\377\0001\000.\0002\000.\0003\000.\000\040\000\040\000N\000u\000S\000e\000e\000n}{section.1.2}% 9
\BOOKMARK [1][]{section.1.3}{\376\377\0001\000.\0003\000.\000\040\000\040\004\022\004\113\004\062\004\076\004\064}{chapter.1}% 10
\BOOKMARK [0][]{chapter.2}{\376\377\0002\000.\000\040\000\040\004\037\004\076\004\101\004\102\004\060\004\075\004\076\004\062\004\072\004\060\000\040\004\067\004\060\004\064\004\060\004\107\004\070}{}% 11
\BOOKMARK [0][]{chapter.3}{\376\377\0003\000.\000\040\000\040\004\037\004\100\004\076\004\065\004\072\004\102\004\070\004\100\004\076\004\062\004\060\004\075\004\070\004\065\000\040\004\060\004\100\004\105\004\070\004\102\004\065\004\072\004\102\004\103\004\100\004\113\000\040\004\101\004\070\004\101\004\102\004\065\004\074\004\113}{}% 12
\BOOKMARK [1][]{section.3.1}{\376\377\0003\000.\0001\000.\000\040\000\040\004\020\004\100\004\105\004\070\004\102\004\065\004\072\004\102\004\103\004\100\004\060\000\040\004\077\004\100\004\070\004\073\004\076\004\066\004\065\004\075\004\070\004\117}{chapter.3}% 13
\BOOKMARK [2][-]{subsection.3.1.1}{\376\377\0003\000.\0001\000.\0001\000.\000\040\000\040\000R\000E\000S\000T}{section.3.1}% 14
\BOOKMARK [2][-]{subsection.3.1.2}{\376\377\0003\000.\0001\000.\0002\000.\000\040\000\040\000S\000O\000A\000P}{section.3.1}% 15
\BOOKMARK [2][-]{subsection.3.1.3}{\376\377\0003\000.\0001\000.\0003\000.\000\040\000\040\004\022\004\113\004\062\004\076\004\064}{section.3.1}% 16
\BOOKMARK [1][]{section.3.2}{\376\377\0003\000.\0002\000.\000\040\000\040\004\041\004\065\004\100\004\062\004\065\004\100\004\075\004\060\004\117\000\040\004\107\004\060\004\101\004\102\004\114\000\040\004\077\004\100\004\070\004\073\004\076\004\066\004\065\004\075\004\070\004\117}{chapter.3}% 17
\BOOKMARK [2][-]{subsection.3.2.1}{\376\377\0003\000.\0002\000.\0001\000.\000\040\000\040\000J\000a\000v\000a\000\040\000S\000o\000c\000k\000e\000t\000s}{section.3.2}% 18
\BOOKMARK [2][-]{subsection.3.2.2}{\376\377\0003\000.\0002\000.\0002\000.\000\040\000\040\000N\000o\000d\000e\000.\000j\000s}{section.3.2}% 19
\BOOKMARK [2][-]{subsection.3.2.3}{\376\377\0003\000.\0002\000.\0003\000.\000\040\000\040\000D\000j\000a\000n\000g\000o\000\040\000F\000r\000a\000m\000e\000w\000o\000r\000k}{section.3.2}% 20
\BOOKMARK [2][-]{subsection.3.2.4}{\376\377\0003\000.\0002\000.\0004\000.\000\040\000\040\004\022\004\113\004\062\004\076\004\064}{section.3.2}% 21
\BOOKMARK [1][]{section.3.3}{\376\377\0003\000.\0003\000.\000\040\000\040\004\032\004\073\004\070\004\065\004\075\004\102\004\101\004\072\004\060\004\117\000\040\004\107\004\060\004\101\004\102\004\114\000\040\004\077\004\100\004\070\004\073\004\076\004\066\004\065\004\075\004\070\004\117}{chapter.3}% 22
\BOOKMARK [2][-]{subsection.3.3.1}{\376\377\0003\000.\0003\000.\0001\000.\000\040\000\040\004\030\004\075\004\101\004\102\004\100\004\103\004\074\004\065\004\075\004\102\000\040\004\100\004\065\004\075\004\064\004\065\004\100\004\070\004\075\004\063\004\060\000\040\004\061\004\073\004\076\004\072\004\060\000\040\004\101\004\102\004\060\004\075\004\064\004\060\004\100\004\102\004\075\004\113\004\105\000\040\004\115\004\073\004\065\004\074\004\065\004\075\004\102\004\076\004\062\000\040\004\103\004\077\004\100\004\060\004\062\004\073\004\065\004\075\004\070\004\117}{section.3.3}% 23
\BOOKMARK [2][-]{subsection.3.3.2}{\376\377\0003\000.\0003\000.\0002\000.\000\040\000\040\004\030\004\075\004\101\004\102\004\100\004\103\004\074\004\065\004\075\004\102\000\040\004\100\004\065\004\075\004\064\004\065\004\100\004\070\004\075\004\063\004\060\000\040\004\061\004\073\004\076\004\072\004\060\000\040\004\077\004\076\004\101\004\102\004\100\004\076\004\065\004\075\004\070\004\117\000\040\004\064\004\070\004\060\004\063\004\100\004\060\004\074\004\074}{section.3.3}% 24
\BOOKMARK [1][]{section.3.4}{\376\377\0003\000.\0004\000.\000\040\000\040\004\040\004\065\004\060\004\073\004\070\004\067\004\060\004\106\004\070\004\117\000\040\004\074\004\076\004\064\004\065\004\073\004\070}{chapter.3}% 25
\BOOKMARK [0][]{chapter.4}{\376\377\0004\000.\000\040\000\040\004\040\004\060\004\067\004\100\004\060\004\061\004\076\004\102\004\072\004\060\000\040\004\101\004\070\004\101\004\102\004\065\004\074\004\113}{}% 26
\BOOKMARK [1][]{section.4.1}{\376\377\0004\000.\0001\000.\000\040\000\040\004\041\004\065\004\100\004\062\004\065\004\100}{chapter.4}% 27
\BOOKMARK [2][-]{subsection.4.1.1}{\376\377\0004\000.\0001\000.\0001\000.\000\040\000\040\004\037\004\100\004\070\004\073\004\076\004\066\004\065\004\075\004\070\004\065\000\040\000a\000p\000i}{section.4.1}% 28
\BOOKMARK [2][-]{subsection.4.1.2}{\376\377\0004\000.\0001\000.\0002\000.\000\040\000\040\004\037\004\100\004\070\004\073\004\076\004\066\004\065\004\075\004\070\004\065\000\040\000m\000o\000d\000e\000l\000\137\000c\000h\000e\000c\000k\000i\000n\000g}{section.4.1}% 29
\BOOKMARK [1][]{section.4.2}{\376\377\0004\000.\0002\000.\000\040\000\040\004\032\004\073\004\070\004\065\004\075\004\102}{chapter.4}% 30
\BOOKMARK [2][-]{subsection.4.2.1}{\376\377\0004\000.\0002\000.\0001\000.\000\040\000\040\004\032\004\076\004\074\004\077\004\076\004\075\004\065\004\075\004\102\004\113}{section.4.2}% 31
\BOOKMARK [2][-]{subsection.4.2.2}{\376\377\0004\000.\0002\000.\0002\000.\000\040\000\040\004\032\004\076\004\075\004\102\004\065\004\071\004\075\004\065\004\100\004\113}{section.4.2}% 32
\BOOKMARK [2][-]{subsection.4.2.3}{\376\377\0004\000.\0002\000.\0003\000.\000\040\000\040\004\034\004\076\004\064\004\065\004\073\004\114\000\040\004\100\004\065\004\064\004\114\004\116\004\101\004\065\004\100\004\076\004\062}{section.4.2}% 33
\BOOKMARK [2][-]{subsection.4.2.4}{\376\377\0004\000.\0002\000.\0004\000.\000\040\000\040\004\041\004\076\004\067\004\064\004\060\004\102\004\065\004\073\004\070\000\040\004\064\004\065\004\071\004\102\004\101\004\062\004\070\004\071}{section.4.2}% 34
\BOOKMARK [2][-]{subsection.4.2.5}{\376\377\0004\000.\0002\000.\0005\000.\000\040\000\040\004\037\004\076\004\073\004\065\000\040\004\077\004\076\004\101\004\102\004\100\004\076\004\065\004\075\004\070\004\117\000\040\004\072\004\076\004\075\004\065\004\107\004\075\004\113\004\105\000\040\004\060\004\062\004\102\004\076\004\074\004\060\004\102\004\076\004\062}{section.4.2}% 35
\BOOKMARK [2][-]{subsection.4.2.6}{\376\377\0004\000.\0002\000.\0006\000.\000\040\000\040\004\022\004\067\004\060\004\070\004\074\004\076\004\064\004\065\004\071\004\101\004\102\004\062\004\070\004\065\000\040\000R\000e\000a\000c\000t\000-\000R\000e\000d\000u\000x\000\040\004\070\000\040\000D\0003}{section.4.2}% 36
\BOOKMARK [2][-]{subsection.4.2.7}{\376\377\0004\000.\0002\000.\0007\000.\000\040\000\040\004\041\004\070\004\101\004\102\004\065\004\074\004\060\000\040\004\101\004\061\004\076\004\100\004\072\004\070\000\040\000W\000e\000b\000p\000a\000c\000k}{section.4.2}% 37
\BOOKMARK [2][-]{subsection.4.2.8}{\376\377\0004\000.\0002\000.\0008\000.\000\040\000\040\004\041\004\102\004\070\004\073\004\070\000\040\004\115\004\065\004\073\004\065\004\074\004\065\004\075\004\102\004\076\004\062}{section.4.2}% 38
\BOOKMARK [0][]{chapter.5}{\376\377\0005\000.\000\040\000\040\004\042\004\065\004\101\004\102\004\070\004\100\004\076\004\062\004\060\004\075\004\070\004\065\000\040\004\101\004\070\004\101\004\102\004\065\004\074\004\113}{}% 39
\BOOKMARK [0][]{chapter*.17}{\376\377\004\027\004\020\004\032\004\033\004\056\004\047\004\025\004\035\004\030\004\025}{}% 40
\BOOKMARK [0][]{chapter*.19}{\376\377\004\041\004\037\004\030\004\041\004\036\004\032\000\040\004\030\004\041\004\037\004\036\004\033\004\054\004\027\004\036\004\022\004\020\004\035\004\035\004\053\004\045\000\040\004\030\004\041\004\042\004\036\004\047\004\035\004\030\004\032\004\036\004\022}{}% 41
\BOOKMARK [0][]{appendix.A}{\376\377\004\037\004\040\004\030\004\033\004\036\004\026\004\025\004\035\004\030\004\025\000\040\004\020\000.\000\040\000\040\004\033\004\030\004\041\004\042\004\030\004\035\004\023\004\030}{}% 42
